{"/Users/gaoqiantong/Desktop/comp431/hw/hw5-Moongram/src/App.js": {"path":"/Users/gaoqiantong/Desktop/comp431/hw/hw5-Moongram/src/App.js","statementMap":{"0":{"start":{"line":8,"column":2},"end":{"line":16,"column":4}}},"fnMap":{"0":{"name":"App","decl":{"start":{"line":7,"column":9},"end":{"line":7,"column":12}},"loc":{"start":{"line":7,"column":15},"end":{"line":17,"column":1}},"line":7}},"branchMap":{},"s":{"0":0},"f":{"0":0},"b":{}}
,"/Users/gaoqiantong/Desktop/comp431/hw/hw5-Moongram/src/index.js": {"path":"/Users/gaoqiantong/Desktop/comp431/hw/hw5-Moongram/src/index.js","statementMap":{"0":{"start":{"line":7,"column":13},"end":{"line":7,"column":65}},"1":{"start":{"line":8,"column":0},"end":{"line":12,"column":2}},"2":{"start":{"line":17,"column":0},"end":{"line":17,"column":18}}},"fnMap":{},"branchMap":{},"s":{"0":0,"1":0,"2":0},"f":{},"b":{}}
,"/Users/gaoqiantong/Desktop/comp431/hw/hw5-Moongram/src/reportWebVitals.js": {"path":"/Users/gaoqiantong/Desktop/comp431/hw/hw5-Moongram/src/reportWebVitals.js","statementMap":{"0":{"start":{"line":1,"column":24},"end":{"line":11,"column":1}},"1":{"start":{"line":2,"column":2},"end":{"line":10,"column":3}},"2":{"start":{"line":3,"column":4},"end":{"line":9,"column":7}},"3":{"start":{"line":4,"column":6},"end":{"line":4,"column":26}},"4":{"start":{"line":5,"column":6},"end":{"line":5,"column":26}},"5":{"start":{"line":6,"column":6},"end":{"line":6,"column":26}},"6":{"start":{"line":7,"column":6},"end":{"line":7,"column":26}},"7":{"start":{"line":8,"column":6},"end":{"line":8,"column":27}}},"fnMap":{"0":{"name":"(anonymous_0)","decl":{"start":{"line":1,"column":24},"end":{"line":1,"column":25}},"loc":{"start":{"line":1,"column":39},"end":{"line":11,"column":1}},"line":1},"1":{"name":"(anonymous_1)","decl":{"start":{"line":3,"column":30},"end":{"line":3,"column":31}},"loc":{"start":{"line":3,"column":79},"end":{"line":9,"column":5}},"line":3}},"branchMap":{"0":{"loc":{"start":{"line":2,"column":2},"end":{"line":10,"column":3}},"type":"if","locations":[{"start":{"line":2,"column":2},"end":{"line":10,"column":3}},{"start":{},"end":{}}],"line":2},"1":{"loc":{"start":{"line":2,"column":6},"end":{"line":2,"column":52}},"type":"binary-expr","locations":[{"start":{"line":2,"column":6},"end":{"line":2,"column":17}},{"start":{"line":2,"column":21},"end":{"line":2,"column":52}}],"line":2}},"s":{"0":0,"1":0,"2":0,"3":0,"4":0,"5":0,"6":0,"7":0},"f":{"0":0,"1":0},"b":{"0":[0,0],"1":[0,0]}}
,"/Users/gaoqiantong/Desktop/comp431/hw/hw5-Moongram/src/components/LoginForm.js": {"path":"/Users/gaoqiantong/Desktop/comp431/hw/hw5-Moongram/src/components/LoginForm.js","statementMap":{"0":{"start":{"line":4,"column":18},"end":{"line":68,"column":1}},"1":{"start":{"line":5,"column":34},"end":{"line":5,"column":46}},"2":{"start":{"line":6,"column":34},"end":{"line":6,"column":46}},"3":{"start":{"line":7,"column":42},"end":{"line":7,"column":54}},"4":{"start":{"line":8,"column":28},"end":{"line":8,"column":50}},"5":{"start":{"line":9,"column":38},"end":{"line":9,"column":53}},"6":{"start":{"line":10,"column":24},"end":{"line":16,"column":3}},"7":{"start":{"line":11,"column":4},"end":{"line":15,"column":9}},"8":{"start":{"line":12,"column":24},"end":{"line":12,"column":39}},"9":{"start":{"line":14,"column":8},"end":{"line":14,"column":23}},"10":{"start":{"line":18,"column":2},"end":{"line":20,"column":9}},"11":{"start":{"line":19,"column":4},"end":{"line":19,"column":20}},"12":{"start":{"line":23,"column":19},"end":{"line":52,"column":3}},"13":{"start":{"line":24,"column":4},"end":{"line":26,"column":5}},"14":{"start":{"line":25,"column":6},"end":{"line":25,"column":28}},"15":{"start":{"line":27,"column":4},"end":{"line":27,"column":27}},"16":{"start":{"line":28,"column":4},"end":{"line":28,"column":24}},"17":{"start":{"line":30,"column":21},"end":{"line":30,"column":26}},"18":{"start":{"line":31,"column":26},"end":{"line":31,"column":31}},"19":{"start":{"line":33,"column":4},"end":{"line":43,"column":5}},"20":{"start":{"line":33,"column":17},"end":{"line":33,"column":18}},"21":{"start":{"line":35,"column":6},"end":{"line":42,"column":7}},"22":{"start":{"line":36,"column":8},"end":{"line":36,"column":26}},"23":{"start":{"line":37,"column":8},"end":{"line":40,"column":9}},"24":{"start":{"line":38,"column":10},"end":{"line":38,"column":33}},"25":{"start":{"line":39,"column":10},"end":{"line":39,"column":30}},"26":{"start":{"line":41,"column":8},"end":{"line":41,"column":14}},"27":{"start":{"line":45,"column":4},"end":{"line":51,"column":5}},"28":{"start":{"line":46,"column":6},"end":{"line":46,"column":26}},"29":{"start":{"line":47,"column":6},"end":{"line":47,"column":59}},"30":{"start":{"line":49,"column":6},"end":{"line":49,"column":27}},"31":{"start":{"line":50,"column":6},"end":{"line":50,"column":55}},"32":{"start":{"line":54,"column":2},"end":{"line":67,"column":4}},"33":{"start":{"line":58,"column":104},"end":{"line":58,"column":131}},"34":{"start":{"line":59,"column":109},"end":{"line":59,"column":136}}},"fnMap":{"0":{"name":"(anonymous_0)","decl":{"start":{"line":4,"column":18},"end":{"line":4,"column":19}},"loc":{"start":{"line":4,"column":36},"end":{"line":68,"column":1}},"line":4},"1":{"name":"(anonymous_1)","decl":{"start":{"line":10,"column":24},"end":{"line":10,"column":25}},"loc":{"start":{"line":10,"column":30},"end":{"line":16,"column":3}},"line":10},"2":{"name":"(anonymous_2)","decl":{"start":{"line":12,"column":12},"end":{"line":12,"column":13}},"loc":{"start":{"line":12,"column":24},"end":{"line":12,"column":39}},"line":12},"3":{"name":"(anonymous_3)","decl":{"start":{"line":13,"column":12},"end":{"line":13,"column":13}},"loc":{"start":{"line":13,"column":20},"end":{"line":15,"column":7}},"line":13},"4":{"name":"(anonymous_4)","decl":{"start":{"line":18,"column":12},"end":{"line":18,"column":13}},"loc":{"start":{"line":18,"column":18},"end":{"line":20,"column":3}},"line":18},"5":{"name":"(anonymous_5)","decl":{"start":{"line":23,"column":19},"end":{"line":23,"column":20}},"loc":{"start":{"line":23,"column":30},"end":{"line":52,"column":3}},"line":23},"6":{"name":"(anonymous_6)","decl":{"start":{"line":58,"column":97},"end":{"line":58,"column":98}},"loc":{"start":{"line":58,"column":104},"end":{"line":58,"column":131}},"line":58},"7":{"name":"(anonymous_7)","decl":{"start":{"line":59,"column":102},"end":{"line":59,"column":103}},"loc":{"start":{"line":59,"column":109},"end":{"line":59,"column":136}},"line":59}},"branchMap":{"0":{"loc":{"start":{"line":24,"column":4},"end":{"line":26,"column":5}},"type":"if","locations":[{"start":{"line":24,"column":4},"end":{"line":26,"column":5}},{"start":{},"end":{}}],"line":24},"1":{"loc":{"start":{"line":35,"column":6},"end":{"line":42,"column":7}},"type":"if","locations":[{"start":{"line":35,"column":6},"end":{"line":42,"column":7}},{"start":{},"end":{}}],"line":35},"2":{"loc":{"start":{"line":37,"column":8},"end":{"line":40,"column":9}},"type":"if","locations":[{"start":{"line":37,"column":8},"end":{"line":40,"column":9}},{"start":{},"end":{}}],"line":37},"3":{"loc":{"start":{"line":45,"column":4},"end":{"line":51,"column":5}},"type":"if","locations":[{"start":{"line":45,"column":4},"end":{"line":51,"column":5}},{"start":{"line":48,"column":11},"end":{"line":51,"column":5}}],"line":45},"4":{"loc":{"start":{"line":45,"column":8},"end":{"line":45,"column":37}},"type":"binary-expr","locations":[{"start":{"line":45,"column":8},"end":{"line":45,"column":18}},{"start":{"line":45,"column":22},"end":{"line":45,"column":37}}],"line":45},"5":{"loc":{"start":{"line":64,"column":7},"end":{"line":64,"column":69}},"type":"binary-expr","locations":[{"start":{"line":64,"column":7},"end":{"line":64,"column":19}},{"start":{"line":64,"column":23},"end":{"line":64,"column":69}}],"line":64},"6":{"loc":{"start":{"line":65,"column":7},"end":{"line":65,"column":42}},"type":"binary-expr","locations":[{"start":{"line":65,"column":7},"end":{"line":65,"column":17}},{"start":{"line":65,"column":21},"end":{"line":65,"column":42}}],"line":65}},"s":{"0":1,"1":8,"2":8,"3":8,"4":8,"5":8,"6":8,"7":2,"8":0,"9":0,"10":8,"11":2,"12":8,"13":2,"14":0,"15":2,"16":2,"17":2,"18":2,"19":2,"20":2,"21":11,"22":1,"23":1,"24":1,"25":1,"26":1,"27":2,"28":1,"29":1,"30":1,"31":1,"32":8,"33":2,"34":2},"f":{"0":8,"1":2,"2":0,"3":0,"4":2,"5":2,"6":2,"7":2},"b":{"0":[0,2],"1":[1,10],"2":[1,0],"3":[1,1],"4":[2,1],"5":[8,1],"6":[8,1]},"_coverageSchema":"1a1c01bbd47fc00a2c39e90264f33305004495a9","hash":"e82089629bc58e6f68ebf71ffa3d7ada4b50393a"}
,"/Users/gaoqiantong/Desktop/comp431/hw/hw5-Moongram/src/components/MainHeader.js": {"path":"/Users/gaoqiantong/Desktop/comp431/hw/hw5-Moongram/src/components/MainHeader.js","statementMap":{"0":{"start":{"line":3,"column":19},"end":{"line":31,"column":1}},"1":{"start":{"line":4,"column":40},"end":{"line":4,"column":54}},"2":{"start":{"line":6,"column":24},"end":{"line":8,"column":7}},"3":{"start":{"line":7,"column":8},"end":{"line":7,"column":54}},"4":{"start":{"line":10,"column":21},"end":{"line":13,"column":7}},"5":{"start":{"line":11,"column":8},"end":{"line":11,"column":28}},"6":{"start":{"line":12,"column":8},"end":{"line":12,"column":22}},"7":{"start":{"line":15,"column":4},"end":{"line":30,"column":5}}},"fnMap":{"0":{"name":"(anonymous_0)","decl":{"start":{"line":3,"column":19},"end":{"line":3,"column":20}},"loc":{"start":{"line":3,"column":45},"end":{"line":31,"column":1}},"line":3},"1":{"name":"(anonymous_1)","decl":{"start":{"line":6,"column":24},"end":{"line":6,"column":25}},"loc":{"start":{"line":6,"column":30},"end":{"line":8,"column":7}},"line":6},"2":{"name":"(anonymous_2)","decl":{"start":{"line":10,"column":21},"end":{"line":10,"column":22}},"loc":{"start":{"line":10,"column":27},"end":{"line":13,"column":7}},"line":10}},"branchMap":{"0":{"loc":{"start":{"line":26,"column":9},"end":{"line":26,"column":48}},"type":"binary-expr","locations":[{"start":{"line":26,"column":9},"end":{"line":26,"column":20}},{"start":{"line":26,"column":24},"end":{"line":26,"column":48}}],"line":26}},"s":{"0":1,"1":18,"2":18,"3":0,"4":18,"5":1,"6":1,"7":18},"f":{"0":18,"1":0,"2":1},"b":{"0":[18,1]},"_coverageSchema":"1a1c01bbd47fc00a2c39e90264f33305004495a9","hash":"530ff4bd7f0bf64d371e49ada462931314e00d81"}
,"/Users/gaoqiantong/Desktop/comp431/hw/hw5-Moongram/src/components/PostGrid.js": {"path":"/Users/gaoqiantong/Desktop/comp431/hw/hw5-Moongram/src/components/PostGrid.js","statementMap":{"0":{"start":{"line":3,"column":17},"end":{"line":49,"column":1}},"1":{"start":{"line":4,"column":34},"end":{"line":4,"column":46}},"2":{"start":{"line":5,"column":28},"end":{"line":5,"column":42}},"3":{"start":{"line":7,"column":25},"end":{"line":22,"column":3}},"4":{"start":{"line":8,"column":20},"end":{"line":16,"column":5}},"5":{"start":{"line":18,"column":4},"end":{"line":18,"column":26}},"6":{"start":{"line":20,"column":4},"end":{"line":20,"column":20}},"7":{"start":{"line":21,"column":4},"end":{"line":21,"column":19}},"8":{"start":{"line":23,"column":22},"end":{"line":26,"column":3}},"9":{"start":{"line":24,"column":4},"end":{"line":24,"column":20}},"10":{"start":{"line":25,"column":4},"end":{"line":25,"column":19}},"11":{"start":{"line":28,"column":2},"end":{"line":48,"column":4}},"12":{"start":{"line":34,"column":25},"end":{"line":34,"column":52}},"13":{"start":{"line":40,"column":25},"end":{"line":40,"column":52}}},"fnMap":{"0":{"name":"(anonymous_0)","decl":{"start":{"line":3,"column":17},"end":{"line":3,"column":18}},"loc":{"start":{"line":3,"column":45},"end":{"line":49,"column":1}},"line":3},"1":{"name":"(anonymous_1)","decl":{"start":{"line":7,"column":25},"end":{"line":7,"column":26}},"loc":{"start":{"line":7,"column":31},"end":{"line":22,"column":3}},"line":7},"2":{"name":"(anonymous_2)","decl":{"start":{"line":23,"column":22},"end":{"line":23,"column":23}},"loc":{"start":{"line":23,"column":28},"end":{"line":26,"column":3}},"line":23},"3":{"name":"(anonymous_3)","decl":{"start":{"line":34,"column":18},"end":{"line":34,"column":19}},"loc":{"start":{"line":34,"column":25},"end":{"line":34,"column":52}},"line":34},"4":{"name":"(anonymous_4)","decl":{"start":{"line":40,"column":18},"end":{"line":40,"column":19}},"loc":{"start":{"line":40,"column":25},"end":{"line":40,"column":52}},"line":40}},"branchMap":{"0":{"loc":{"start":{"line":15,"column":13},"end":{"line":15,"column":54}},"type":"cond-expr","locations":[{"start":{"line":15,"column":21},"end":{"line":15,"column":47}},{"start":{"line":15,"column":50},"end":{"line":15,"column":54}}],"line":15}},"s":{"0":1,"1":16,"2":16,"3":16,"4":0,"5":0,"6":0,"7":0,"8":16,"9":0,"10":0,"11":16,"12":0,"13":0},"f":{"0":16,"1":0,"2":0,"3":0,"4":0},"b":{"0":[0,0]},"_coverageSchema":"1a1c01bbd47fc00a2c39e90264f33305004495a9","hash":"910528a849ce938fabfb833f7a91a8b222f06a87"}
,"/Users/gaoqiantong/Desktop/comp431/hw/hw5-Moongram/src/components/Posts.js": {"path":"/Users/gaoqiantong/Desktop/comp431/hw/hw5-Moongram/src/components/Posts.js","statementMap":{"0":{"start":{"line":3,"column":14},"end":{"line":39,"column":1}},"1":{"start":{"line":4,"column":42},"end":{"line":4,"column":56}},"2":{"start":{"line":5,"column":26},"end":{"line":8,"column":20}},"3":{"start":{"line":10,"column":2},"end":{"line":38,"column":4}},"4":{"start":{"line":24,"column":14},"end":{"line":24,"column":44}},"5":{"start":{"line":30,"column":55},"end":{"line":30,"column":73}},"6":{"start":{"line":31,"column":55},"end":{"line":31,"column":70}},"7":{"start":{"line":32,"column":55},"end":{"line":32,"column":85}}},"fnMap":{"0":{"name":"(anonymous_0)","decl":{"start":{"line":3,"column":14},"end":{"line":3,"column":15}},"loc":{"start":{"line":3,"column":47},"end":{"line":39,"column":1}},"line":3},"1":{"name":"(anonymous_1)","decl":{"start":{"line":23,"column":33},"end":{"line":23,"column":34}},"loc":{"start":{"line":24,"column":14},"end":{"line":24,"column":44}},"line":24},"2":{"name":"(anonymous_2)","decl":{"start":{"line":30,"column":49},"end":{"line":30,"column":50}},"loc":{"start":{"line":30,"column":55},"end":{"line":30,"column":73}},"line":30},"3":{"name":"(anonymous_3)","decl":{"start":{"line":31,"column":49},"end":{"line":31,"column":50}},"loc":{"start":{"line":31,"column":55},"end":{"line":31,"column":70}},"line":31},"4":{"name":"(anonymous_4)","decl":{"start":{"line":32,"column":49},"end":{"line":32,"column":50}},"loc":{"start":{"line":32,"column":55},"end":{"line":32,"column":85}},"line":32}},"branchMap":{"0":{"loc":{"start":{"line":17,"column":9},"end":{"line":17,"column":57}},"type":"binary-expr","locations":[{"start":{"line":17,"column":9},"end":{"line":17,"column":19}},{"start":{"line":17,"column":23},"end":{"line":17,"column":57}}],"line":17},"1":{"loc":{"start":{"line":19,"column":7},"end":{"line":28,"column":7}},"type":"binary-expr","locations":[{"start":{"line":19,"column":7},"end":{"line":19,"column":19}},{"start":{"line":20,"column":8},"end":{"line":27,"column":14}}],"line":19},"2":{"loc":{"start":{"line":33,"column":11},"end":{"line":33,"column":59}},"type":"cond-expr","locations":[{"start":{"line":33,"column":26},"end":{"line":33,"column":41}},{"start":{"line":33,"column":44},"end":{"line":33,"column":59}}],"line":33}},"s":{"0":1,"1":290,"2":290,"3":290,"4":870,"5":0,"6":0,"7":0},"f":{"0":290,"1":870,"2":0,"3":0,"4":0},"b":{"0":[290,290],"1":[290,290],"2":[290,0]},"_coverageSchema":"1a1c01bbd47fc00a2c39e90264f33305004495a9","hash":"afbee6d6e211c10ba48cda035bef7faa5a3866eb"}
,"/Users/gaoqiantong/Desktop/comp431/hw/hw5-Moongram/src/components/ProfileHeader.js": {"path":"/Users/gaoqiantong/Desktop/comp431/hw/hw5-Moongram/src/components/ProfileHeader.js","statementMap":{"0":{"start":{"line":3,"column":22},"end":{"line":19,"column":1}},"1":{"start":{"line":4,"column":21},"end":{"line":6,"column":7}},"2":{"start":{"line":5,"column":8},"end":{"line":5,"column":51}},"3":{"start":{"line":9,"column":4},"end":{"line":18,"column":5}}},"fnMap":{"0":{"name":"(anonymous_0)","decl":{"start":{"line":3,"column":22},"end":{"line":3,"column":23}},"loc":{"start":{"line":3,"column":48},"end":{"line":19,"column":1}},"line":3},"1":{"name":"(anonymous_1)","decl":{"start":{"line":4,"column":21},"end":{"line":4,"column":22}},"loc":{"start":{"line":4,"column":27},"end":{"line":6,"column":7}},"line":4}},"branchMap":{},"s":{"0":1,"1":1,"2":0,"3":1},"f":{"0":1,"1":0},"b":{},"_coverageSchema":"1a1c01bbd47fc00a2c39e90264f33305004495a9","hash":"3f64ebe61e325a72d9523cf28a00725c5d5d5b21"}
,"/Users/gaoqiantong/Desktop/comp431/hw/hw5-Moongram/src/components/RegistrationForm.js": {"path":"/Users/gaoqiantong/Desktop/comp431/hw/hw5-Moongram/src/components/RegistrationForm.js","statementMap":{"0":{"start":{"line":3,"column":25},"end":{"line":61,"column":1}},"1":{"start":{"line":4,"column":34},"end":{"line":4,"column":46}},"2":{"start":{"line":5,"column":42},"end":{"line":5,"column":54}},"3":{"start":{"line":6,"column":24},"end":{"line":6,"column":36}},"4":{"start":{"line":7,"column":42},"end":{"line":7,"column":54}},"5":{"start":{"line":8,"column":26},"end":{"line":8,"column":38}},"6":{"start":{"line":9,"column":28},"end":{"line":9,"column":40}},"7":{"start":{"line":10,"column":28},"end":{"line":10,"column":40}},"8":{"start":{"line":11,"column":24},"end":{"line":11,"column":36}},"9":{"start":{"line":13,"column":19},"end":{"line":40,"column":3}},"10":{"start":{"line":14,"column":4},"end":{"line":14,"column":27}},"11":{"start":{"line":15,"column":4},"end":{"line":15,"column":24}},"12":{"start":{"line":17,"column":4},"end":{"line":20,"column":5}},"13":{"start":{"line":18,"column":6},"end":{"line":18,"column":71}},"14":{"start":{"line":19,"column":6},"end":{"line":19,"column":13}},"15":{"start":{"line":22,"column":22},"end":{"line":22,"column":35}},"16":{"start":{"line":23,"column":29},"end":{"line":23,"column":39}},"17":{"start":{"line":24,"column":4},"end":{"line":24,"column":70}},"18":{"start":{"line":26,"column":4},"end":{"line":29,"column":5}},"19":{"start":{"line":27,"column":6},"end":{"line":27,"column":119}},"20":{"start":{"line":28,"column":6},"end":{"line":28,"column":13}},"21":{"start":{"line":31,"column":21},"end":{"line":38,"column":7}},"22":{"start":{"line":39,"column":4},"end":{"line":39,"column":57}},"23":{"start":{"line":42,"column":2},"end":{"line":60,"column":4}},"24":{"start":{"line":47,"column":87},"end":{"line":47,"column":110}},"25":{"start":{"line":48,"column":85},"end":{"line":48,"column":109}},"26":{"start":{"line":49,"column":119},"end":{"line":49,"column":143}},"27":{"start":{"line":50,"column":82},"end":{"line":50,"column":104}},"28":{"start":{"line":51,"column":99},"end":{"line":51,"column":121}},"29":{"start":{"line":52,"column":86},"end":{"line":52,"column":113}},"30":{"start":{"line":53,"column":103},"end":{"line":53,"column":134}}},"fnMap":{"0":{"name":"(anonymous_0)","decl":{"start":{"line":3,"column":25},"end":{"line":3,"column":26}},"loc":{"start":{"line":3,"column":41},"end":{"line":61,"column":1}},"line":3},"1":{"name":"(anonymous_1)","decl":{"start":{"line":13,"column":19},"end":{"line":13,"column":20}},"loc":{"start":{"line":13,"column":30},"end":{"line":40,"column":3}},"line":13},"2":{"name":"(anonymous_2)","decl":{"start":{"line":47,"column":80},"end":{"line":47,"column":81}},"loc":{"start":{"line":47,"column":87},"end":{"line":47,"column":110}},"line":47},"3":{"name":"(anonymous_3)","decl":{"start":{"line":48,"column":78},"end":{"line":48,"column":79}},"loc":{"start":{"line":48,"column":85},"end":{"line":48,"column":109}},"line":48},"4":{"name":"(anonymous_4)","decl":{"start":{"line":49,"column":112},"end":{"line":49,"column":113}},"loc":{"start":{"line":49,"column":119},"end":{"line":49,"column":143}},"line":49},"5":{"name":"(anonymous_5)","decl":{"start":{"line":50,"column":75},"end":{"line":50,"column":76}},"loc":{"start":{"line":50,"column":82},"end":{"line":50,"column":104}},"line":50},"6":{"name":"(anonymous_6)","decl":{"start":{"line":51,"column":92},"end":{"line":51,"column":93}},"loc":{"start":{"line":51,"column":99},"end":{"line":51,"column":121}},"line":51},"7":{"name":"(anonymous_7)","decl":{"start":{"line":52,"column":79},"end":{"line":52,"column":80}},"loc":{"start":{"line":52,"column":86},"end":{"line":52,"column":113}},"line":52},"8":{"name":"(anonymous_8)","decl":{"start":{"line":53,"column":96},"end":{"line":53,"column":97}},"loc":{"start":{"line":53,"column":103},"end":{"line":53,"column":134}},"line":53}},"branchMap":{"0":{"loc":{"start":{"line":17,"column":4},"end":{"line":20,"column":5}},"type":"if","locations":[{"start":{"line":17,"column":4},"end":{"line":20,"column":5}},{"start":{},"end":{}}],"line":17},"1":{"loc":{"start":{"line":26,"column":4},"end":{"line":29,"column":5}},"type":"if","locations":[{"start":{"line":26,"column":4},"end":{"line":29,"column":5}},{"start":{},"end":{}}],"line":26},"2":{"loc":{"start":{"line":58,"column":7},"end":{"line":58,"column":69}},"type":"binary-expr","locations":[{"start":{"line":58,"column":7},"end":{"line":58,"column":19}},{"start":{"line":58,"column":23},"end":{"line":58,"column":69}}],"line":58}},"s":{"0":0,"1":0,"2":0,"3":0,"4":0,"5":0,"6":0,"7":0,"8":0,"9":0,"10":0,"11":0,"12":0,"13":0,"14":0,"15":0,"16":0,"17":0,"18":0,"19":0,"20":0,"21":0,"22":0,"23":0,"24":0,"25":0,"26":0,"27":0,"28":0,"29":0,"30":0},"f":{"0":0,"1":0,"2":0,"3":0,"4":0,"5":0,"6":0,"7":0,"8":0},"b":{"0":[0,0],"1":[0,0],"2":[0,0]}}
,"/Users/gaoqiantong/Desktop/comp431/hw/hw5-Moongram/src/components/UserInfoGrid.js": {"path":"/Users/gaoqiantong/Desktop/comp431/hw/hw5-Moongram/src/components/UserInfoGrid.js","statementMap":{"0":{"start":{"line":3,"column":21},"end":{"line":37,"column":1}},"1":{"start":{"line":5,"column":30},"end":{"line":5,"column":113}},"2":{"start":{"line":6,"column":36},"end":{"line":6,"column":48}},"3":{"start":{"line":8,"column":29},"end":{"line":15,"column":3}},"4":{"start":{"line":9,"column":4},"end":{"line":14,"column":5}},"5":{"start":{"line":10,"column":6},"end":{"line":10,"column":32}},"6":{"start":{"line":11,"column":6},"end":{"line":11,"column":27}},"7":{"start":{"line":12,"column":6},"end":{"line":12,"column":23}},"8":{"start":{"line":13,"column":6},"end":{"line":13,"column":63}},"9":{"start":{"line":17,"column":2},"end":{"line":36,"column":4}},"10":{"start":{"line":28,"column":27},"end":{"line":28,"column":55}}},"fnMap":{"0":{"name":"(anonymous_0)","decl":{"start":{"line":3,"column":21},"end":{"line":3,"column":22}},"loc":{"start":{"line":3,"column":51},"end":{"line":37,"column":1}},"line":3},"1":{"name":"(anonymous_1)","decl":{"start":{"line":8,"column":29},"end":{"line":8,"column":30}},"loc":{"start":{"line":8,"column":35},"end":{"line":15,"column":3}},"line":8},"2":{"name":"(anonymous_2)","decl":{"start":{"line":28,"column":20},"end":{"line":28,"column":21}},"loc":{"start":{"line":28,"column":27},"end":{"line":28,"column":55}},"line":28}},"branchMap":{"0":{"loc":{"start":{"line":5,"column":39},"end":{"line":5,"column":112}},"type":"binary-expr","locations":[{"start":{"line":5,"column":39},"end":{"line":5,"column":84}},{"start":{"line":5,"column":88},"end":{"line":5,"column":112}}],"line":5},"1":{"loc":{"start":{"line":9,"column":4},"end":{"line":14,"column":5}},"type":"if","locations":[{"start":{"line":9,"column":4},"end":{"line":14,"column":5}},{"start":{},"end":{}}],"line":9}},"s":{"0":1,"1":16,"2":16,"3":16,"4":0,"5":0,"6":0,"7":0,"8":0,"9":16,"10":0},"f":{"0":16,"1":0,"2":0},"b":{"0":[16,16],"1":[0,0]},"_coverageSchema":"1a1c01bbd47fc00a2c39e90264f33305004495a9","hash":"74bbc8d20221736c40836bce63e9498bdd5f51ae"}
,"/Users/gaoqiantong/Desktop/comp431/hw/hw5-Moongram/src/pages/Landing.js": {"path":"/Users/gaoqiantong/Desktop/comp431/hw/hw5-Moongram/src/pages/Landing.js","statementMap":{"0":{"start":{"line":7,"column":20},"end":{"line":23,"column":1}},"1":{"start":{"line":8,"column":21},"end":{"line":8,"column":34}},"2":{"start":{"line":10,"column":4},"end":{"line":22,"column":6}}},"fnMap":{"0":{"name":"(anonymous_0)","decl":{"start":{"line":7,"column":20},"end":{"line":7,"column":21}},"loc":{"start":{"line":7,"column":26},"end":{"line":23,"column":1}},"line":7}},"branchMap":{},"s":{"0":0,"1":0,"2":0},"f":{"0":0},"b":{}}
,"/Users/gaoqiantong/Desktop/comp431/hw/hw5-Moongram/src/pages/Main.js": {"path":"/Users/gaoqiantong/Desktop/comp431/hw/hw5-Moongram/src/pages/Main.js","statementMap":{"0":{"start":{"line":11,"column":17},"end":{"line":198,"column":1}},"1":{"start":{"line":12,"column":36},"end":{"line":12,"column":48}},"2":{"start":{"line":13,"column":19},"end":{"line":13,"column":32}},"3":{"start":{"line":14,"column":40},"end":{"line":14,"column":52}},"4":{"start":{"line":15,"column":48},"end":{"line":15,"column":60}},"5":{"start":{"line":16,"column":44},"end":{"line":16,"column":56}},"6":{"start":{"line":17,"column":42},"end":{"line":17,"column":54}},"7":{"start":{"line":19,"column":19},"end":{"line":19,"column":32}},"8":{"start":{"line":20,"column":19},"end":{"line":20,"column":42}},"9":{"start":{"line":21,"column":27},"end":{"line":21,"column":185}},"10":{"start":{"line":22,"column":2},"end":{"line":80,"column":19}},"11":{"start":{"line":23,"column":27},"end":{"line":38,"column":5}},"12":{"start":{"line":26,"column":21},"end":{"line":26,"column":30}},"13":{"start":{"line":28,"column":8},"end":{"line":31,"column":9}},"14":{"start":{"line":29,"column":10},"end":{"line":29,"column":30}},"15":{"start":{"line":30,"column":10},"end":{"line":30,"column":21}},"16":{"start":{"line":32,"column":29},"end":{"line":32,"column":71}},"17":{"start":{"line":32,"column":47},"end":{"line":32,"column":70}},"18":{"start":{"line":33,"column":29},"end":{"line":33,"column":106}},"19":{"start":{"line":33,"column":69},"end":{"line":33,"column":105}},"20":{"start":{"line":34,"column":34},"end":{"line":34,"column":112}},"21":{"start":{"line":34,"column":54},"end":{"line":34,"column":111}},"22":{"start":{"line":36,"column":8},"end":{"line":36,"column":44}},"23":{"start":{"line":37,"column":8},"end":{"line":37,"column":33}},"24":{"start":{"line":40,"column":27},"end":{"line":74,"column":5}},"25":{"start":{"line":43,"column":35},"end":{"line":43,"column":92}},"26":{"start":{"line":43,"column":64},"end":{"line":43,"column":91}},"27":{"start":{"line":47,"column":30},"end":{"line":49,"column":9}},"28":{"start":{"line":48,"column":10},"end":{"line":48,"column":63}},"29":{"start":{"line":48,"column":39},"end":{"line":48,"column":62}},"30":{"start":{"line":51,"column":29},"end":{"line":51,"column":61}},"31":{"start":{"line":53,"column":44},"end":{"line":61,"column":10}},"32":{"start":{"line":54,"column":32},"end":{"line":54,"column":77}},"33":{"start":{"line":54,"column":56},"end":{"line":54,"column":76}},"34":{"start":{"line":55,"column":12},"end":{"line":60,"column":14}},"35":{"start":{"line":63,"column":30},"end":{"line":68,"column":11}},"36":{"start":{"line":63,"column":62},"end":{"line":68,"column":9}},"37":{"start":{"line":70,"column":28},"end":{"line":70,"column":78}},"38":{"start":{"line":72,"column":28},"end":{"line":72,"column":101}},"39":{"start":{"line":72,"column":55},"end":{"line":72,"column":100}},"40":{"start":{"line":73,"column":8},"end":{"line":73,"column":34}},"41":{"start":{"line":75,"column":4},"end":{"line":76,"column":54}},"42":{"start":{"line":76,"column":23},"end":{"line":76,"column":52}},"43":{"start":{"line":83,"column":28},"end":{"line":113,"column":3}},"44":{"start":{"line":86,"column":18},"end":{"line":86,"column":27}},"45":{"start":{"line":88,"column":24},"end":{"line":88,"column":105}},"46":{"start":{"line":88,"column":43},"end":{"line":88,"column":104}},"47":{"start":{"line":90,"column":4},"end":{"line":110,"column":5}},"48":{"start":{"line":91,"column":6},"end":{"line":91,"column":56}},"49":{"start":{"line":94,"column":34},"end":{"line":94,"column":94}},"50":{"start":{"line":94,"column":63},"end":{"line":94,"column":93}},"51":{"start":{"line":97,"column":41},"end":{"line":102,"column":9}},"52":{"start":{"line":97,"column":74},"end":{"line":102,"column":7}},"53":{"start":{"line":104,"column":27},"end":{"line":104,"column":72}},"54":{"start":{"line":105,"column":26},"end":{"line":105,"column":100}},"55":{"start":{"line":105,"column":54},"end":{"line":105,"column":99}},"56":{"start":{"line":106,"column":6},"end":{"line":106,"column":32}},"57":{"start":{"line":107,"column":6},"end":{"line":107,"column":26}},"58":{"start":{"line":109,"column":6},"end":{"line":109,"column":52}},"59":{"start":{"line":112,"column":4},"end":{"line":112,"column":27}},"60":{"start":{"line":116,"column":25},"end":{"line":122,"column":3}},"61":{"start":{"line":117,"column":33},"end":{"line":117,"column":81}},"62":{"start":{"line":117,"column":62},"end":{"line":117,"column":80}},"63":{"start":{"line":118,"column":4},"end":{"line":118,"column":43}},"64":{"start":{"line":119,"column":25},"end":{"line":119,"column":74}},"65":{"start":{"line":119,"column":50},"end":{"line":119,"column":73}},"66":{"start":{"line":120,"column":24},"end":{"line":120,"column":98}},"67":{"start":{"line":120,"column":52},"end":{"line":120,"column":97}},"68":{"start":{"line":121,"column":4},"end":{"line":121,"column":30}},"69":{"start":{"line":124,"column":23},"end":{"line":128,"column":3}},"70":{"start":{"line":125,"column":4},"end":{"line":125,"column":34}},"71":{"start":{"line":130,"column":24},"end":{"line":131,"column":3}},"72":{"start":{"line":133,"column":21},"end":{"line":135,"column":3}},"73":{"start":{"line":137,"column":27},"end":{"line":139,"column":3}},"74":{"start":{"line":138,"column":4},"end":{"line":138,"column":42}},"75":{"start":{"line":141,"column":29},"end":{"line":143,"column":3}},"76":{"start":{"line":145,"column":2},"end":{"line":197,"column":4}},"77":{"start":{"line":156,"column":12},"end":{"line":162,"column":17}},"78":{"start":{"line":161,"column":73},"end":{"line":161,"column":96}},"79":{"start":{"line":170,"column":25},"end":{"line":170,"column":59}},"80":{"start":{"line":186,"column":8},"end":{"line":186,"column":212}},"81":{"start":{"line":188,"column":8},"end":{"line":193,"column":10}}},"fnMap":{"0":{"name":"(anonymous_0)","decl":{"start":{"line":11,"column":17},"end":{"line":11,"column":18}},"loc":{"start":{"line":11,"column":23},"end":{"line":198,"column":1}},"line":11},"1":{"name":"(anonymous_1)","decl":{"start":{"line":22,"column":12},"end":{"line":22,"column":13}},"loc":{"start":{"line":22,"column":18},"end":{"line":80,"column":2}},"line":22},"2":{"name":"(anonymous_2)","decl":{"start":{"line":23,"column":27},"end":{"line":23,"column":28}},"loc":{"start":{"line":23,"column":39},"end":{"line":38,"column":5}},"line":23},"3":{"name":"(anonymous_3)","decl":{"start":{"line":32,"column":39},"end":{"line":32,"column":40}},"loc":{"start":{"line":32,"column":47},"end":{"line":32,"column":70}},"line":32},"4":{"name":"(anonymous_4)","decl":{"start":{"line":33,"column":55},"end":{"line":33,"column":56}},"loc":{"start":{"line":33,"column":69},"end":{"line":33,"column":105}},"line":33},"5":{"name":"(anonymous_5)","decl":{"start":{"line":34,"column":46},"end":{"line":34,"column":47}},"loc":{"start":{"line":34,"column":54},"end":{"line":34,"column":111}},"line":34},"6":{"name":"(anonymous_6)","decl":{"start":{"line":40,"column":27},"end":{"line":40,"column":28}},"loc":{"start":{"line":40,"column":52},"end":{"line":74,"column":5}},"line":40},"7":{"name":"(anonymous_7)","decl":{"start":{"line":43,"column":56},"end":{"line":43,"column":57}},"loc":{"start":{"line":43,"column":64},"end":{"line":43,"column":91}},"line":43},"8":{"name":"(anonymous_8)","decl":{"start":{"line":47,"column":48},"end":{"line":47,"column":49}},"loc":{"start":{"line":48,"column":10},"end":{"line":48,"column":63}},"line":48},"9":{"name":"(anonymous_9)","decl":{"start":{"line":48,"column":31},"end":{"line":48,"column":32}},"loc":{"start":{"line":48,"column":39},"end":{"line":48,"column":62}},"line":48},"10":{"name":"(anonymous_10)","decl":{"start":{"line":53,"column":75},"end":{"line":53,"column":76}},"loc":{"start":{"line":53,"column":83},"end":{"line":61,"column":9}},"line":53},"11":{"name":"(anonymous_11)","decl":{"start":{"line":54,"column":51},"end":{"line":54,"column":52}},"loc":{"start":{"line":54,"column":56},"end":{"line":54,"column":76}},"line":54},"12":{"name":"(anonymous_12)","decl":{"start":{"line":63,"column":53},"end":{"line":63,"column":54}},"loc":{"start":{"line":63,"column":62},"end":{"line":68,"column":9}},"line":63},"13":{"name":"(anonymous_13)","decl":{"start":{"line":72,"column":45},"end":{"line":72,"column":46}},"loc":{"start":{"line":72,"column":55},"end":{"line":72,"column":100}},"line":72},"14":{"name":"(anonymous_14)","decl":{"start":{"line":76,"column":6},"end":{"line":76,"column":7}},"loc":{"start":{"line":76,"column":23},"end":{"line":76,"column":52}},"line":76},"15":{"name":"(anonymous_15)","decl":{"start":{"line":83,"column":28},"end":{"line":83,"column":29}},"loc":{"start":{"line":83,"column":40},"end":{"line":113,"column":3}},"line":83},"16":{"name":"(anonymous_16)","decl":{"start":{"line":88,"column":35},"end":{"line":88,"column":36}},"loc":{"start":{"line":88,"column":43},"end":{"line":88,"column":104}},"line":88},"17":{"name":"(anonymous_17)","decl":{"start":{"line":94,"column":55},"end":{"line":94,"column":56}},"loc":{"start":{"line":94,"column":63},"end":{"line":94,"column":93}},"line":94},"18":{"name":"(anonymous_18)","decl":{"start":{"line":97,"column":65},"end":{"line":97,"column":66}},"loc":{"start":{"line":97,"column":74},"end":{"line":102,"column":7}},"line":97},"19":{"name":"(anonymous_19)","decl":{"start":{"line":105,"column":44},"end":{"line":105,"column":45}},"loc":{"start":{"line":105,"column":54},"end":{"line":105,"column":99}},"line":105},"20":{"name":"(anonymous_20)","decl":{"start":{"line":116,"column":25},"end":{"line":116,"column":26}},"loc":{"start":{"line":116,"column":35},"end":{"line":122,"column":3}},"line":116},"21":{"name":"(anonymous_21)","decl":{"start":{"line":117,"column":54},"end":{"line":117,"column":55}},"loc":{"start":{"line":117,"column":62},"end":{"line":117,"column":80}},"line":117},"22":{"name":"(anonymous_22)","decl":{"start":{"line":119,"column":42},"end":{"line":119,"column":43}},"loc":{"start":{"line":119,"column":50},"end":{"line":119,"column":73}},"line":119},"23":{"name":"(anonymous_23)","decl":{"start":{"line":120,"column":42},"end":{"line":120,"column":43}},"loc":{"start":{"line":120,"column":52},"end":{"line":120,"column":97}},"line":120},"24":{"name":"(anonymous_24)","decl":{"start":{"line":124,"column":23},"end":{"line":124,"column":24}},"loc":{"start":{"line":124,"column":30},"end":{"line":128,"column":3}},"line":124},"25":{"name":"(anonymous_25)","decl":{"start":{"line":130,"column":24},"end":{"line":130,"column":25}},"loc":{"start":{"line":130,"column":34},"end":{"line":131,"column":3}},"line":130},"26":{"name":"(anonymous_26)","decl":{"start":{"line":133,"column":21},"end":{"line":133,"column":22}},"loc":{"start":{"line":133,"column":31},"end":{"line":135,"column":3}},"line":133},"27":{"name":"(anonymous_27)","decl":{"start":{"line":137,"column":27},"end":{"line":137,"column":28}},"loc":{"start":{"line":137,"column":38},"end":{"line":139,"column":3}},"line":137},"28":{"name":"(anonymous_28)","decl":{"start":{"line":141,"column":29},"end":{"line":141,"column":30}},"loc":{"start":{"line":141,"column":42},"end":{"line":143,"column":3}},"line":141},"29":{"name":"(anonymous_29)","decl":{"start":{"line":155,"column":29},"end":{"line":155,"column":30}},"loc":{"start":{"line":156,"column":12},"end":{"line":162,"column":17}},"line":156},"30":{"name":"(anonymous_30)","decl":{"start":{"line":161,"column":67},"end":{"line":161,"column":68}},"loc":{"start":{"line":161,"column":73},"end":{"line":161,"column":96}},"line":161},"31":{"name":"(anonymous_31)","decl":{"start":{"line":170,"column":20},"end":{"line":170,"column":21}},"loc":{"start":{"line":170,"column":25},"end":{"line":170,"column":59}},"line":170},"32":{"name":"(anonymous_32)","decl":{"start":{"line":185,"column":24},"end":{"line":185,"column":25}},"loc":{"start":{"line":185,"column":32},"end":{"line":187,"column":7}},"line":185},"33":{"name":"(anonymous_33)","decl":{"start":{"line":187,"column":13},"end":{"line":187,"column":14}},"loc":{"start":{"line":188,"column":8},"end":{"line":193,"column":10}},"line":188}},"branchMap":{"0":{"loc":{"start":{"line":28,"column":8},"end":{"line":31,"column":9}},"type":"if","locations":[{"start":{"line":28,"column":8},"end":{"line":31,"column":9}},{"start":{},"end":{}}],"line":28},"1":{"loc":{"start":{"line":33,"column":69},"end":{"line":33,"column":105}},"type":"binary-expr","locations":[{"start":{"line":33,"column":69},"end":{"line":33,"column":99}},{"start":{"line":33,"column":103},"end":{"line":33,"column":105}}],"line":33},"2":{"loc":{"start":{"line":34,"column":54},"end":{"line":34,"column":111}},"type":"binary-expr","locations":[{"start":{"line":34,"column":54},"end":{"line":34,"column":84}},{"start":{"line":34,"column":88},"end":{"line":34,"column":111}}],"line":34},"3":{"loc":{"start":{"line":90,"column":4},"end":{"line":110,"column":5}},"type":"if","locations":[{"start":{"line":90,"column":4},"end":{"line":110,"column":5}},{"start":{"line":108,"column":11},"end":{"line":110,"column":5}}],"line":90},"4":{"loc":{"start":{"line":90,"column":8},"end":{"line":90,"column":52}},"type":"binary-expr","locations":[{"start":{"line":90,"column":8},"end":{"line":90,"column":19}},{"start":{"line":90,"column":23},"end":{"line":90,"column":52}}],"line":90},"5":{"loc":{"start":{"line":173,"column":9},"end":{"line":173,"column":71}},"type":"binary-expr","locations":[{"start":{"line":173,"column":9},"end":{"line":173,"column":21}},{"start":{"line":173,"column":25},"end":{"line":173,"column":71}}],"line":173},"6":{"loc":{"start":{"line":186,"column":15},"end":{"line":186,"column":210}},"type":"binary-expr","locations":[{"start":{"line":186,"column":15},"end":{"line":186,"column":75}},{"start":{"line":186,"column":79},"end":{"line":186,"column":138}},{"start":{"line":186,"column":142},"end":{"line":186,"column":210}}],"line":186}},"s":{"0":1,"1":16,"2":16,"3":16,"4":16,"5":16,"6":16,"7":16,"8":16,"9":16,"10":16,"11":4,"12":4,"13":4,"14":0,"15":0,"16":4,"17":4,"18":4,"19":12,"20":4,"21":40,"22":4,"23":4,"24":4,"25":4,"26":400,"27":4,"28":12,"29":1200,"30":4,"31":4,"32":120,"33":240,"34":120,"35":4,"36":40,"37":4,"38":4,"39":655,"40":4,"41":4,"42":4,"43":16,"44":1,"45":1,"46":9,"47":1,"48":1,"49":1,"50":100,"51":1,"52":10,"53":1,"54":1,"55":97,"56":1,"57":1,"58":0,"59":1,"60":16,"61":1,"62":3,"63":1,"64":1,"65":40,"66":1,"67":29,"68":1,"69":16,"70":1,"71":16,"72":16,"73":16,"74":0,"75":16,"76":16,"77":36,"78":1,"79":1,"80":320,"81":290},"f":{"0":16,"1":4,"2":4,"3":4,"4":12,"5":40,"6":4,"7":400,"8":12,"9":1200,"10":120,"11":240,"12":40,"13":655,"14":4,"15":1,"16":9,"17":100,"18":10,"19":97,"20":1,"21":3,"22":40,"23":29,"24":1,"25":0,"26":0,"27":0,"28":0,"29":36,"30":1,"31":1,"32":320,"33":290},"b":{"0":[0,4],"1":[12,0],"2":[40,12],"3":[1,0],"4":[1,1],"5":[16,0],"6":[320,40,40]},"_coverageSchema":"1a1c01bbd47fc00a2c39e90264f33305004495a9","hash":"3b1cce3c6849ccbd302e3a2f21f35a5573fcc48a"}
,"/Users/gaoqiantong/Desktop/comp431/hw/hw5-Moongram/src/pages/Profile.js": {"path":"/Users/gaoqiantong/Desktop/comp431/hw/hw5-Moongram/src/pages/Profile.js","statementMap":{"0":{"start":{"line":5,"column":20},"end":{"line":173,"column":1}},"1":{"start":{"line":6,"column":17},"end":{"line":6,"column":30}},"2":{"start":{"line":7,"column":17},"end":{"line":7,"column":30}},"3":{"start":{"line":8,"column":17},"end":{"line":8,"column":40}},"4":{"start":{"line":9,"column":44},"end":{"line":9,"column":58}},"5":{"start":{"line":12,"column":0},"end":{"line":12,"column":218}},"6":{"start":{"line":14,"column":32},"end":{"line":14,"column":59}},"7":{"start":{"line":15,"column":34},"end":{"line":15,"column":58}},"8":{"start":{"line":16,"column":34},"end":{"line":16,"column":58}},"9":{"start":{"line":17,"column":30},"end":{"line":17,"column":64}},"10":{"start":{"line":18,"column":40},"end":{"line":18,"column":92}},"11":{"start":{"line":20,"column":26},"end":{"line":20,"column":38}},"12":{"start":{"line":21,"column":28},"end":{"line":21,"column":40}},"13":{"start":{"line":22,"column":28},"end":{"line":22,"column":40}},"14":{"start":{"line":23,"column":24},"end":{"line":23,"column":36}},"15":{"start":{"line":24,"column":34},"end":{"line":24,"column":46}},"16":{"start":{"line":25,"column":48},"end":{"line":25,"column":60}},"17":{"start":{"line":27,"column":40},"end":{"line":27,"column":52}},"18":{"start":{"line":28,"column":42},"end":{"line":28,"column":54}},"19":{"start":{"line":29,"column":42},"end":{"line":29,"column":54}},"20":{"start":{"line":30,"column":38},"end":{"line":30,"column":50}},"21":{"start":{"line":31,"column":48},"end":{"line":31,"column":60}},"22":{"start":{"line":32,"column":62},"end":{"line":32,"column":74}},"23":{"start":{"line":34,"column":19},"end":{"line":107,"column":3}},"24":{"start":{"line":35,"column":4},"end":{"line":44,"column":5}},"25":{"start":{"line":36,"column":6},"end":{"line":41,"column":7}},"26":{"start":{"line":37,"column":8},"end":{"line":37,"column":98}},"27":{"start":{"line":39,"column":8},"end":{"line":39,"column":27}},"28":{"start":{"line":40,"column":8},"end":{"line":40,"column":25}},"29":{"start":{"line":43,"column":8},"end":{"line":43,"column":26}},"30":{"start":{"line":45,"column":4},"end":{"line":57,"column":5}},"31":{"start":{"line":46,"column":27},"end":{"line":46,"column":69}},"32":{"start":{"line":47,"column":6},"end":{"line":54,"column":7}},"33":{"start":{"line":48,"column":8},"end":{"line":48,"column":63}},"34":{"start":{"line":49,"column":13},"end":{"line":54,"column":7}},"35":{"start":{"line":50,"column":8},"end":{"line":50,"column":85}},"36":{"start":{"line":52,"column":8},"end":{"line":52,"column":28}},"37":{"start":{"line":53,"column":8},"end":{"line":53,"column":27}},"38":{"start":{"line":56,"column":8},"end":{"line":56,"column":27}},"39":{"start":{"line":59,"column":4},"end":{"line":71,"column":5}},"40":{"start":{"line":60,"column":27},"end":{"line":60,"column":57}},"41":{"start":{"line":61,"column":6},"end":{"line":68,"column":7}},"42":{"start":{"line":62,"column":8},"end":{"line":62,"column":85}},"43":{"start":{"line":63,"column":13},"end":{"line":68,"column":7}},"44":{"start":{"line":64,"column":8},"end":{"line":64,"column":92}},"45":{"start":{"line":66,"column":8},"end":{"line":66,"column":28}},"46":{"start":{"line":67,"column":8},"end":{"line":67,"column":27}},"47":{"start":{"line":70,"column":8},"end":{"line":70,"column":27}},"48":{"start":{"line":73,"column":4},"end":{"line":85,"column":5}},"49":{"start":{"line":74,"column":25},"end":{"line":74,"column":37}},"50":{"start":{"line":75,"column":6},"end":{"line":82,"column":7}},"51":{"start":{"line":76,"column":8},"end":{"line":76,"column":67}},"52":{"start":{"line":77,"column":13},"end":{"line":82,"column":7}},"53":{"start":{"line":78,"column":8},"end":{"line":78,"column":86}},"54":{"start":{"line":80,"column":8},"end":{"line":80,"column":26}},"55":{"start":{"line":81,"column":8},"end":{"line":81,"column":23}},"56":{"start":{"line":84,"column":8},"end":{"line":84,"column":25}},"57":{"start":{"line":87,"column":4},"end":{"line":98,"column":5}},"58":{"start":{"line":88,"column":6},"end":{"line":95,"column":7}},"59":{"start":{"line":89,"column":8},"end":{"line":89,"column":70}},"60":{"start":{"line":90,"column":13},"end":{"line":95,"column":7}},"61":{"start":{"line":91,"column":8},"end":{"line":91,"column":91}},"62":{"start":{"line":93,"column":8},"end":{"line":93,"column":31}},"63":{"start":{"line":94,"column":8},"end":{"line":94,"column":33}},"64":{"start":{"line":97,"column":8},"end":{"line":97,"column":31}},"65":{"start":{"line":100,"column":4},"end":{"line":100,"column":16}},"66":{"start":{"line":101,"column":4},"end":{"line":101,"column":17}},"67":{"start":{"line":102,"column":4},"end":{"line":102,"column":17}},"68":{"start":{"line":103,"column":4},"end":{"line":103,"column":15}},"69":{"start":{"line":104,"column":4},"end":{"line":104,"column":20}},"70":{"start":{"line":105,"column":4},"end":{"line":105,"column":27}},"71":{"start":{"line":109,"column":2},"end":{"line":172,"column":4}},"72":{"start":{"line":132,"column":83},"end":{"line":132,"column":106}},"73":{"start":{"line":138,"column":85},"end":{"line":138,"column":109}},"74":{"start":{"line":144,"column":83},"end":{"line":144,"column":107}},"75":{"start":{"line":150,"column":82},"end":{"line":150,"column":104}},"76":{"start":{"line":156,"column":91},"end":{"line":156,"column":118}},"77":{"start":{"line":162,"column":98},"end":{"line":162,"column":132}}},"fnMap":{"0":{"name":"(anonymous_0)","decl":{"start":{"line":5,"column":20},"end":{"line":5,"column":21}},"loc":{"start":{"line":5,"column":26},"end":{"line":173,"column":1}},"line":5},"1":{"name":"(anonymous_1)","decl":{"start":{"line":34,"column":19},"end":{"line":34,"column":20}},"loc":{"start":{"line":34,"column":25},"end":{"line":107,"column":3}},"line":34},"2":{"name":"(anonymous_2)","decl":{"start":{"line":132,"column":76},"end":{"line":132,"column":77}},"loc":{"start":{"line":132,"column":83},"end":{"line":132,"column":106}},"line":132},"3":{"name":"(anonymous_3)","decl":{"start":{"line":138,"column":78},"end":{"line":138,"column":79}},"loc":{"start":{"line":138,"column":85},"end":{"line":138,"column":109}},"line":138},"4":{"name":"(anonymous_4)","decl":{"start":{"line":144,"column":76},"end":{"line":144,"column":77}},"loc":{"start":{"line":144,"column":83},"end":{"line":144,"column":107}},"line":144},"5":{"name":"(anonymous_5)","decl":{"start":{"line":150,"column":75},"end":{"line":150,"column":76}},"loc":{"start":{"line":150,"column":82},"end":{"line":150,"column":104}},"line":150},"6":{"name":"(anonymous_6)","decl":{"start":{"line":156,"column":84},"end":{"line":156,"column":85}},"loc":{"start":{"line":156,"column":91},"end":{"line":156,"column":118}},"line":156},"7":{"name":"(anonymous_7)","decl":{"start":{"line":162,"column":91},"end":{"line":162,"column":92}},"loc":{"start":{"line":162,"column":98},"end":{"line":162,"column":132}},"line":162}},"branchMap":{"0":{"loc":{"start":{"line":35,"column":4},"end":{"line":44,"column":5}},"type":"if","locations":[{"start":{"line":35,"column":4},"end":{"line":44,"column":5}},{"start":{"line":42,"column":11},"end":{"line":44,"column":5}}],"line":35},"1":{"loc":{"start":{"line":36,"column":6},"end":{"line":41,"column":7}},"type":"if","locations":[{"start":{"line":36,"column":6},"end":{"line":41,"column":7}},{"start":{"line":38,"column":13},"end":{"line":41,"column":7}}],"line":36},"2":{"loc":{"start":{"line":45,"column":4},"end":{"line":57,"column":5}},"type":"if","locations":[{"start":{"line":45,"column":4},"end":{"line":57,"column":5}},{"start":{"line":55,"column":11},"end":{"line":57,"column":5}}],"line":45},"3":{"loc":{"start":{"line":47,"column":6},"end":{"line":54,"column":7}},"type":"if","locations":[{"start":{"line":47,"column":6},"end":{"line":54,"column":7}},{"start":{"line":49,"column":13},"end":{"line":54,"column":7}}],"line":47},"4":{"loc":{"start":{"line":49,"column":13},"end":{"line":54,"column":7}},"type":"if","locations":[{"start":{"line":49,"column":13},"end":{"line":54,"column":7}},{"start":{"line":51,"column":13},"end":{"line":54,"column":7}}],"line":49},"5":{"loc":{"start":{"line":59,"column":4},"end":{"line":71,"column":5}},"type":"if","locations":[{"start":{"line":59,"column":4},"end":{"line":71,"column":5}},{"start":{"line":69,"column":11},"end":{"line":71,"column":5}}],"line":59},"6":{"loc":{"start":{"line":61,"column":6},"end":{"line":68,"column":7}},"type":"if","locations":[{"start":{"line":61,"column":6},"end":{"line":68,"column":7}},{"start":{"line":63,"column":13},"end":{"line":68,"column":7}}],"line":61},"7":{"loc":{"start":{"line":63,"column":13},"end":{"line":68,"column":7}},"type":"if","locations":[{"start":{"line":63,"column":13},"end":{"line":68,"column":7}},{"start":{"line":65,"column":13},"end":{"line":68,"column":7}}],"line":63},"8":{"loc":{"start":{"line":73,"column":4},"end":{"line":85,"column":5}},"type":"if","locations":[{"start":{"line":73,"column":4},"end":{"line":85,"column":5}},{"start":{"line":83,"column":11},"end":{"line":85,"column":5}}],"line":73},"9":{"loc":{"start":{"line":75,"column":6},"end":{"line":82,"column":7}},"type":"if","locations":[{"start":{"line":75,"column":6},"end":{"line":82,"column":7}},{"start":{"line":77,"column":13},"end":{"line":82,"column":7}}],"line":75},"10":{"loc":{"start":{"line":77,"column":13},"end":{"line":82,"column":7}},"type":"if","locations":[{"start":{"line":77,"column":13},"end":{"line":82,"column":7}},{"start":{"line":79,"column":13},"end":{"line":82,"column":7}}],"line":77},"11":{"loc":{"start":{"line":87,"column":4},"end":{"line":98,"column":5}},"type":"if","locations":[{"start":{"line":87,"column":4},"end":{"line":98,"column":5}},{"start":{"line":96,"column":11},"end":{"line":98,"column":5}}],"line":87},"12":{"loc":{"start":{"line":88,"column":6},"end":{"line":95,"column":7}},"type":"if","locations":[{"start":{"line":88,"column":6},"end":{"line":95,"column":7}},{"start":{"line":90,"column":13},"end":{"line":95,"column":7}}],"line":88},"13":{"loc":{"start":{"line":90,"column":13},"end":{"line":95,"column":7}},"type":"if","locations":[{"start":{"line":90,"column":13},"end":{"line":95,"column":7}},{"start":{"line":92,"column":13},"end":{"line":95,"column":7}}],"line":90},"14":{"loc":{"start":{"line":113,"column":11},"end":{"line":117,"column":11}},"type":"cond-expr","locations":[{"start":{"line":114,"column":12},"end":{"line":114,"column":103}},{"start":{"line":116,"column":12},"end":{"line":116,"column":97}}],"line":113}},"s":{"0":1,"1":1,"2":1,"3":1,"4":1,"5":1,"6":1,"7":1,"8":1,"9":1,"10":1,"11":1,"12":1,"13":1,"14":1,"15":1,"16":1,"17":1,"18":1,"19":1,"20":1,"21":1,"22":1,"23":1,"24":0,"25":0,"26":0,"27":0,"28":0,"29":0,"30":0,"31":0,"32":0,"33":0,"34":0,"35":0,"36":0,"37":0,"38":0,"39":0,"40":0,"41":0,"42":0,"43":0,"44":0,"45":0,"46":0,"47":0,"48":0,"49":0,"50":0,"51":0,"52":0,"53":0,"54":0,"55":0,"56":0,"57":0,"58":0,"59":0,"60":0,"61":0,"62":0,"63":0,"64":0,"65":0,"66":0,"67":0,"68":0,"69":0,"70":0,"71":1,"72":0,"73":0,"74":0,"75":0,"76":0,"77":0},"f":{"0":1,"1":0,"2":0,"3":0,"4":0,"5":0,"6":0,"7":0},"b":{"0":[0,0],"1":[0,0],"2":[0,0],"3":[0,0],"4":[0,0],"5":[0,0],"6":[0,0],"7":[0,0],"8":[0,0],"9":[0,0],"10":[0,0],"11":[0,0],"12":[0,0],"13":[0,0],"14":[0,1]},"_coverageSchema":"1a1c01bbd47fc00a2c39e90264f33305004495a9","hash":"c2cf29e413b5fde26c697fec7da2ac9a770756e6"}
}
