TN:
SF:src/App.js
FN:7,App
FNF:1
FNH:0
FNDA:0,App
DA:8,0
LF:1
LH:0
BRF:0
BRH:0
end_of_record
TN:
SF:src/index.js
FNF:0
FNH:0
DA:7,0
DA:8,0
DA:17,0
LF:3
LH:0
BRF:0
BRH:0
end_of_record
TN:
SF:src/reportWebVitals.js
FN:1,(anonymous_0)
FN:3,(anonymous_1)
FNF:2
FNH:0
FNDA:0,(anonymous_0)
FNDA:0,(anonymous_1)
DA:1,0
DA:2,0
DA:3,0
DA:4,0
DA:5,0
DA:6,0
DA:7,0
DA:8,0
LF:8
LH:0
BRDA:2,0,0,0
BRDA:2,0,1,0
BRDA:2,1,0,0
BRDA:2,1,1,0
BRF:4
BRH:0
end_of_record
TN:
SF:src/components/LoginForm.js
FN:4,(anonymous_0)
FN:10,(anonymous_1)
FN:12,(anonymous_2)
FN:13,(anonymous_3)
FN:18,(anonymous_4)
FN:23,(anonymous_5)
FN:58,(anonymous_6)
FN:59,(anonymous_7)
FNF:8
FNH:6
FNDA:8,(anonymous_0)
FNDA:2,(anonymous_1)
FNDA:0,(anonymous_2)
FNDA:0,(anonymous_3)
FNDA:2,(anonymous_4)
FNDA:2,(anonymous_5)
FNDA:2,(anonymous_6)
FNDA:2,(anonymous_7)
DA:4,1
DA:5,8
DA:6,8
DA:7,8
DA:8,8
DA:9,8
DA:10,8
DA:11,2
DA:12,0
DA:14,0
DA:18,8
DA:19,2
DA:23,8
DA:24,2
DA:25,0
DA:27,2
DA:28,2
DA:30,2
DA:31,2
DA:33,2
DA:35,11
DA:36,1
DA:37,1
DA:38,1
DA:39,1
DA:41,1
DA:45,2
DA:46,1
DA:47,1
DA:49,1
DA:50,1
DA:54,8
DA:58,2
DA:59,2
LF:34
LH:31
BRDA:24,0,0,0
BRDA:24,0,1,2
BRDA:35,1,0,1
BRDA:35,1,1,10
BRDA:37,2,0,1
BRDA:37,2,1,0
BRDA:45,3,0,1
BRDA:45,3,1,1
BRDA:45,4,0,2
BRDA:45,4,1,1
BRDA:64,5,0,8
BRDA:64,5,1,1
BRDA:65,6,0,8
BRDA:65,6,1,1
BRF:14
BRH:12
end_of_record
TN:
SF:src/components/MainHeader.js
FN:3,(anonymous_0)
FN:6,(anonymous_1)
FN:10,(anonymous_2)
FNF:3
FNH:2
FNDA:18,(anonymous_0)
FNDA:0,(anonymous_1)
FNDA:1,(anonymous_2)
DA:3,1
DA:4,18
DA:6,18
DA:7,0
DA:10,18
DA:11,1
DA:12,1
DA:15,18
LF:8
LH:7
BRDA:26,0,0,18
BRDA:26,0,1,1
BRF:2
BRH:2
end_of_record
TN:
SF:src/components/PostGrid.js
FN:3,(anonymous_0)
FN:7,(anonymous_1)
FN:23,(anonymous_2)
FN:34,(anonymous_3)
FN:40,(anonymous_4)
FNF:5
FNH:1
FNDA:16,(anonymous_0)
FNDA:0,(anonymous_1)
FNDA:0,(anonymous_2)
FNDA:0,(anonymous_3)
FNDA:0,(anonymous_4)
DA:3,1
DA:4,16
DA:5,16
DA:7,16
DA:8,0
DA:18,0
DA:20,0
DA:21,0
DA:23,16
DA:24,0
DA:25,0
DA:28,16
DA:34,0
DA:40,0
LF:14
LH:6
BRDA:15,0,0,0
BRDA:15,0,1,0
BRF:2
BRH:0
end_of_record
TN:
SF:src/components/Posts.js
FN:3,(anonymous_0)
FN:23,(anonymous_1)
FN:30,(anonymous_2)
FN:31,(anonymous_3)
FN:32,(anonymous_4)
FNF:5
FNH:2
FNDA:290,(anonymous_0)
FNDA:870,(anonymous_1)
FNDA:0,(anonymous_2)
FNDA:0,(anonymous_3)
FNDA:0,(anonymous_4)
DA:3,1
DA:4,290
DA:5,290
DA:10,290
DA:24,870
DA:30,0
DA:31,0
DA:32,0
LF:8
LH:5
BRDA:17,0,0,290
BRDA:17,0,1,290
BRDA:19,1,0,290
BRDA:19,1,1,290
BRDA:33,2,0,290
BRDA:33,2,1,0
BRF:6
BRH:5
end_of_record
TN:
SF:src/components/ProfileHeader.js
FN:3,(anonymous_0)
FN:4,(anonymous_1)
FNF:2
FNH:1
FNDA:1,(anonymous_0)
FNDA:0,(anonymous_1)
DA:3,1
DA:4,1
DA:5,0
DA:9,1
LF:4
LH:3
BRF:0
BRH:0
end_of_record
TN:
SF:src/components/RegistrationForm.js
FN:3,(anonymous_0)
FN:13,(anonymous_1)
FN:47,(anonymous_2)
FN:48,(anonymous_3)
FN:49,(anonymous_4)
FN:50,(anonymous_5)
FN:51,(anonymous_6)
FN:52,(anonymous_7)
FN:53,(anonymous_8)
FNF:9
FNH:0
FNDA:0,(anonymous_0)
FNDA:0,(anonymous_1)
FNDA:0,(anonymous_2)
FNDA:0,(anonymous_3)
FNDA:0,(anonymous_4)
FNDA:0,(anonymous_5)
FNDA:0,(anonymous_6)
FNDA:0,(anonymous_7)
FNDA:0,(anonymous_8)
DA:3,0
DA:4,0
DA:5,0
DA:6,0
DA:7,0
DA:8,0
DA:9,0
DA:10,0
DA:11,0
DA:13,0
DA:14,0
DA:15,0
DA:17,0
DA:18,0
DA:19,0
DA:22,0
DA:23,0
DA:24,0
DA:26,0
DA:27,0
DA:28,0
DA:31,0
DA:39,0
DA:42,0
DA:47,0
DA:48,0
DA:49,0
DA:50,0
DA:51,0
DA:52,0
DA:53,0
LF:31
LH:0
BRDA:17,0,0,0
BRDA:17,0,1,0
BRDA:26,1,0,0
BRDA:26,1,1,0
BRDA:58,2,0,0
BRDA:58,2,1,0
BRF:6
BRH:0
end_of_record
TN:
SF:src/components/UserInfoGrid.js
FN:3,(anonymous_0)
FN:8,(anonymous_1)
FN:28,(anonymous_2)
FNF:3
FNH:1
FNDA:16,(anonymous_0)
FNDA:0,(anonymous_1)
FNDA:0,(anonymous_2)
DA:3,1
DA:5,16
DA:6,16
DA:8,16
DA:9,0
DA:10,0
DA:11,0
DA:12,0
DA:13,0
DA:17,16
DA:28,0
LF:11
LH:5
BRDA:5,0,0,16
BRDA:5,0,1,16
BRDA:9,1,0,0
BRDA:9,1,1,0
BRF:4
BRH:2
end_of_record
TN:
SF:src/pages/Landing.js
FN:7,(anonymous_0)
FNF:1
FNH:0
FNDA:0,(anonymous_0)
DA:7,0
DA:8,0
DA:10,0
LF:3
LH:0
BRF:0
BRH:0
end_of_record
TN:
SF:src/pages/Main.js
FN:11,(anonymous_0)
FN:22,(anonymous_1)
FN:23,(anonymous_2)
FN:32,(anonymous_3)
FN:33,(anonymous_4)
FN:34,(anonymous_5)
FN:40,(anonymous_6)
FN:43,(anonymous_7)
FN:47,(anonymous_8)
FN:48,(anonymous_9)
FN:53,(anonymous_10)
FN:54,(anonymous_11)
FN:63,(anonymous_12)
FN:72,(anonymous_13)
FN:76,(anonymous_14)
FN:83,(anonymous_15)
FN:88,(anonymous_16)
FN:94,(anonymous_17)
FN:97,(anonymous_18)
FN:105,(anonymous_19)
FN:116,(anonymous_20)
FN:117,(anonymous_21)
FN:119,(anonymous_22)
FN:120,(anonymous_23)
FN:124,(anonymous_24)
FN:130,(anonymous_25)
FN:133,(anonymous_26)
FN:137,(anonymous_27)
FN:141,(anonymous_28)
FN:155,(anonymous_29)
FN:161,(anonymous_30)
FN:170,(anonymous_31)
FN:185,(anonymous_32)
FN:187,(anonymous_33)
FNF:34
FNH:30
FNDA:16,(anonymous_0)
FNDA:4,(anonymous_1)
FNDA:4,(anonymous_2)
FNDA:4,(anonymous_3)
FNDA:12,(anonymous_4)
FNDA:40,(anonymous_5)
FNDA:4,(anonymous_6)
FNDA:400,(anonymous_7)
FNDA:12,(anonymous_8)
FNDA:1200,(anonymous_9)
FNDA:120,(anonymous_10)
FNDA:240,(anonymous_11)
FNDA:40,(anonymous_12)
FNDA:655,(anonymous_13)
FNDA:4,(anonymous_14)
FNDA:1,(anonymous_15)
FNDA:9,(anonymous_16)
FNDA:100,(anonymous_17)
FNDA:10,(anonymous_18)
FNDA:97,(anonymous_19)
FNDA:1,(anonymous_20)
FNDA:3,(anonymous_21)
FNDA:40,(anonymous_22)
FNDA:29,(anonymous_23)
FNDA:1,(anonymous_24)
FNDA:0,(anonymous_25)
FNDA:0,(anonymous_26)
FNDA:0,(anonymous_27)
FNDA:0,(anonymous_28)
FNDA:36,(anonymous_29)
FNDA:1,(anonymous_30)
FNDA:1,(anonymous_31)
FNDA:320,(anonymous_32)
FNDA:290,(anonymous_33)
DA:11,1
DA:12,16
DA:13,16
DA:14,16
DA:15,16
DA:16,16
DA:17,16
DA:19,16
DA:20,16
DA:21,16
DA:22,16
DA:23,4
DA:26,4
DA:28,4
DA:29,0
DA:30,0
DA:32,4
DA:33,12
DA:34,40
DA:36,4
DA:37,4
DA:40,4
DA:43,400
DA:47,4
DA:48,1200
DA:51,4
DA:53,4
DA:54,240
DA:55,120
DA:63,40
DA:70,4
DA:72,655
DA:73,4
DA:75,4
DA:76,4
DA:83,16
DA:86,1
DA:88,9
DA:90,1
DA:91,1
DA:94,100
DA:97,10
DA:104,1
DA:105,97
DA:106,1
DA:107,1
DA:109,0
DA:112,1
DA:116,16
DA:117,3
DA:118,1
DA:119,40
DA:120,29
DA:121,1
DA:124,16
DA:125,1
DA:130,16
DA:133,16
DA:137,16
DA:138,0
DA:141,16
DA:145,16
DA:156,36
DA:161,1
DA:170,1
DA:186,320
DA:188,290
LF:67
LH:63
BRDA:28,0,0,0
BRDA:28,0,1,4
BRDA:33,1,0,12
BRDA:33,1,1,0
BRDA:34,2,0,40
BRDA:34,2,1,12
BRDA:90,3,0,1
BRDA:90,3,1,0
BRDA:90,4,0,1
BRDA:90,4,1,1
BRDA:173,5,0,16
BRDA:173,5,1,0
BRDA:186,6,0,320
BRDA:186,6,1,40
BRDA:186,6,2,40
BRF:15
BRH:11
end_of_record
TN:
SF:src/pages/Profile.js
FN:5,(anonymous_0)
FN:34,(anonymous_1)
FN:132,(anonymous_2)
FN:138,(anonymous_3)
FN:144,(anonymous_4)
FN:150,(anonymous_5)
FN:156,(anonymous_6)
FN:162,(anonymous_7)
FNF:8
FNH:1
FNDA:1,(anonymous_0)
FNDA:0,(anonymous_1)
FNDA:0,(anonymous_2)
FNDA:0,(anonymous_3)
FNDA:0,(anonymous_4)
FNDA:0,(anonymous_5)
FNDA:0,(anonymous_6)
FNDA:0,(anonymous_7)
DA:5,1
DA:6,1
DA:7,1
DA:8,1
DA:9,1
DA:12,1
DA:14,1
DA:15,1
DA:16,1
DA:17,1
DA:18,1
DA:20,1
DA:21,1
DA:22,1
DA:23,1
DA:24,1
DA:25,1
DA:27,1
DA:28,1
DA:29,1
DA:30,1
DA:31,1
DA:32,1
DA:34,1
DA:35,0
DA:36,0
DA:37,0
DA:39,0
DA:40,0
DA:43,0
DA:45,0
DA:46,0
DA:47,0
DA:48,0
DA:49,0
DA:50,0
DA:52,0
DA:53,0
DA:56,0
DA:59,0
DA:60,0
DA:61,0
DA:62,0
DA:63,0
DA:64,0
DA:66,0
DA:67,0
DA:70,0
DA:73,0
DA:74,0
DA:75,0
DA:76,0
DA:77,0
DA:78,0
DA:80,0
DA:81,0
DA:84,0
DA:87,0
DA:88,0
DA:89,0
DA:90,0
DA:91,0
DA:93,0
DA:94,0
DA:97,0
DA:100,0
DA:101,0
DA:102,0
DA:103,0
DA:104,0
DA:105,0
DA:109,1
DA:132,0
DA:138,0
DA:144,0
DA:150,0
DA:156,0
DA:162,0
LF:78
LH:25
BRDA:35,0,0,0
BRDA:35,0,1,0
BRDA:36,1,0,0
BRDA:36,1,1,0
BRDA:45,2,0,0
BRDA:45,2,1,0
BRDA:47,3,0,0
BRDA:47,3,1,0
BRDA:49,4,0,0
BRDA:49,4,1,0
BRDA:59,5,0,0
BRDA:59,5,1,0
BRDA:61,6,0,0
BRDA:61,6,1,0
BRDA:63,7,0,0
BRDA:63,7,1,0
BRDA:73,8,0,0
BRDA:73,8,1,0
BRDA:75,9,0,0
BRDA:75,9,1,0
BRDA:77,10,0,0
BRDA:77,10,1,0
BRDA:87,11,0,0
BRDA:87,11,1,0
BRDA:88,12,0,0
BRDA:88,12,1,0
BRDA:90,13,0,0
BRDA:90,13,1,0
BRDA:113,14,0,0
BRDA:113,14,1,1
BRF:30
BRH:1
end_of_record
